生成启动时间为 2013/3/26 10:05:23。
     1>项目“E:\cocos2d-2.0-x-2.0.4\cocos2d-2.0-x-2.0.4\ball\proj.win32\ball.win32.vcxproj”在节点 2 上(build 个目标)。
     1>InitializeBuildStatus:
         正在创建“Debug.win32\ball.win32.unsuccessfulbuild”，因为已指定“AlwaysCreate”。
       ClCompile:
         E:\Microsoft Visual Studio 10.0\VC\bin\CL.exe /c /I. /I..\Classes /I"E:\cocos2d-2.0-x-2.0.4\cocos2d-2.0-x-2.0.4\cocos2dx" /I"E:\cocos2d-2.0-x-2.0.4\cocos2d-2.0-x-2.0.4\cocos2dx\include" /I"E:\cocos2d-2.0-x-2.0.4\cocos2d-2.0-x-2.0.4\cocos2dx\kazmath\include" /I"E:\cocos2d-2.0-x-2.0.4\cocos2d-2.0-x-2.0.4\cocos2dx\platform\win32" /I"E:\cocos2d-2.0-x-2.0.4\cocos2d-2.0-x-2.0.4\cocos2dx\platform\third_party\win32" /I"E:\cocos2d-2.0-x-2.0.4\cocos2d-2.0-x-2.0.4\cocos2dx\platform\third_party\win32\OGLES" /I"E:\cocos2d-2.0-x-2.0.4\cocos2d-2.0-x-2.0.4\external" /I"E:\cocos2d-2.0-x-2.0.4\cocos2d-2.0-x-2.0.4\CocosDenshion\include" /ZI /nologo /W3 /WX- /Od /Oy- /D WIN32 /D _WINDOWS /D STRICT /D _CRT_SECURE_NO_WARNINGS /D _SCL_SECURE_NO_WARNINGS_DEBUG /D COCOS2D_DEBUG=1 /D _UNICODE /D UNICODE /Gm /EHsc /RTC1 /MDd /GS /fp:precise /Zc:wchar_t /Zc:forScope /Fo"Debug.win32\\" /Fd"Debug.win32\vc100.pdb" /Gd /TP /wd4267 /wd4251 /wd4244 /analyze- /errorReport:prompt ..\Classes\ball.cpp
         ball.cpp
     1>e:\cocos2d-2.0-x-2.0.4\cocos2d-2.0-x-2.0.4\ball\classes\ball.cpp(138): warning C4305: “参数”: 从“double”到“float”截断
       ResourceCompile:
         所有输出均为最新。
       ManifestResourceCompile:
         所有输出均为最新。
       Link:
         E:\Microsoft Visual Studio 10.0\VC\bin\link.exe /ERRORREPORT:PROMPT /OUT:"E:\cocos2d-2.0-x-2.0.4\cocos2d-2.0-x-2.0.4\Debug.win32\ball.win32.exe" /INCREMENTAL /NOLOGO /LIBPATH:"E:\cocos2d-2.0-x-2.0.4\cocos2d-2.0-x-2.0.4\Debug.win32\\" libcocos2d.lib libExtensions.lib opengl32.lib glew32.lib libBox2d.lib libCocosDenshion.lib kernel32.lib user32.lib gdi32.lib winspool.lib comdlg32.lib advapi32.lib shell32.lib ole32.lib oleaut32.lib uuid.lib odbc32.lib odbccp32.lib /MANIFEST /ManifestFile:"Debug.win32\ball.win32.exe.intermediate.manifest" /MANIFESTUAC:"level='asInvoker' uiAccess='false'" /DEBUG /PDB:"E:\cocos2d-2.0-x-2.0.4\cocos2d-2.0-x-2.0.4\Debug.win32\ball.win32.pdb" /SUBSYSTEM:WINDOWS /TLBID:1 /DYNAMICBASE /NXCOMPAT /IMPLIB:"E:\cocos2d-2.0-x-2.0.4\cocos2d-2.0-x-2.0.4\Debug.win32\ball.win32.lib" /MACHINE:X86 Debug.win32\ball.res
         Debug.win32\ball.win32.exe.embed.manifest.res
         Debug.win32\AppDelegate.obj
         Debug.win32\ball.obj
         Debug.win32\main.obj
       Manifest:
         C:\Program Files (x86)\Microsoft SDKs\Windows\v7.0A\bin\mt.exe /nologo /verbose /out:"Debug.win32\ball.win32.exe.embed.manifest" /manifest Debug.win32\ball.win32.exe.intermediate.manifest
         所有输出均为最新。
       LinkEmbedManifest:
         所有输出均为最新。
         ball.win32.vcxproj -> E:\cocos2d-2.0-x-2.0.4\cocos2d-2.0-x-2.0.4\Debug.win32\ball.win32.exe
       FinalizeBuildStatus:
         正在删除文件“Debug.win32\ball.win32.unsuccessfulbuild”。
         正在对“Debug.win32\ball.win32.lastbuildstate”执行 Touch 任务。
     1>已完成生成项目“E:\cocos2d-2.0-x-2.0.4\cocos2d-2.0-x-2.0.4\ball\proj.win32\ball.win32.vcxproj”(build 个目标)的操作。

生成成功。

已用时间 00:00:03.90
